Compiling the C compiler identification source file "CMakeCCompilerId.c" failed.
Compiler: /Applications/Xcode.app/Contents/Developer/Toolchains/XcodeDefault.xctoolchain/usr/bin/cc 
Build flags: 
Id flags:  

The output was:
1
ld: library not found for -lSystem
clang: error: linker command failed with exit code 1 (use -v to see invocation)


Compiling the CXX compiler identification source file "CMakeCXXCompilerId.cpp" failed.
Compiler: /Applications/Xcode.app/Contents/Developer/Toolchains/XcodeDefault.xctoolchain/usr/bin/c++ 
Build flags: 
Id flags:  

The output was:
1
ld: library not found for -lc++
clang: error: linker command failed with exit code 1 (use -v to see invocation)


Determining if the function sgemm_ exists failed with the following output:
Change Dir: /Users/kerautre/EnCours/LiverCCO/ext/ceres-solver-master/build2/CMakeFiles/CMakeTmp

Run Build Command(s):/usr/bin/make cmTC_39af5/fast && /Applications/Xcode.app/Contents/Developer/usr/bin/make  -f CMakeFiles/cmTC_39af5.dir/build.make CMakeFiles/cmTC_39af5.dir/build
Building C object CMakeFiles/cmTC_39af5.dir/CheckFunctionExists.c.o
/Applications/Xcode.app/Contents/Developer/Toolchains/XcodeDefault.xctoolchain/usr/bin/cc   -DCHECK_FUNCTION_EXISTS=sgemm_ -isysroot /Applications/Xcode.app/Contents/Developer/Platforms/MacOSX.platform/Developer/SDKs/MacOSX11.3.sdk -o CMakeFiles/cmTC_39af5.dir/CheckFunctionExists.c.o -c /usr/local/Cellar/cmake/3.19.7/share/cmake/Modules/CheckFunctionExists.c
Linking C executable cmTC_39af5
/usr/local/Cellar/cmake/3.19.7/bin/cmake -E cmake_link_script CMakeFiles/cmTC_39af5.dir/link.txt --verbose=1
/Applications/Xcode.app/Contents/Developer/Toolchains/XcodeDefault.xctoolchain/usr/bin/cc  -DCHECK_FUNCTION_EXISTS=sgemm_ -isysroot /Applications/Xcode.app/Contents/Developer/Platforms/MacOSX.platform/Developer/SDKs/MacOSX11.3.sdk -Wl,-search_paths_first -Wl,-headerpad_max_install_names CMakeFiles/cmTC_39af5.dir/CheckFunctionExists.c.o -o cmTC_39af5 
Undefined symbols for architecture x86_64:
  "_sgemm_", referenced from:
      _main in CheckFunctionExists.c.o
ld: symbol(s) not found for architecture x86_64
clang: error: linker command failed with exit code 1 (use -v to see invocation)
make[1]: *** [cmTC_39af5] Error 1
make: *** [cmTC_39af5/fast] Error 2



