Determining if the function sgemm_ exists failed with the following output:
Change Dir: /home/adam/OpenCCO/build/CMakeFiles/CMakeTmp

Run Build Command(s):/usr/bin/gmake -f Makefile cmTC_d469c/fast && /usr/bin/gmake  -f CMakeFiles/cmTC_d469c.dir/build.make CMakeFiles/cmTC_d469c.dir/build
gmake[1]: Entering directory '/home/adam/OpenCCO/build/CMakeFiles/CMakeTmp'
Building C object CMakeFiles/cmTC_d469c.dir/CheckFunctionExists.c.o
/usr/bin/cc   -DCHECK_FUNCTION_EXISTS=sgemm_ -o CMakeFiles/cmTC_d469c.dir/CheckFunctionExists.c.o -c /usr/share/cmake-3.22/Modules/CheckFunctionExists.c
Linking C executable cmTC_d469c
/usr/bin/cmake -E cmake_link_script CMakeFiles/cmTC_d469c.dir/link.txt --verbose=1
/usr/bin/cc  -DCHECK_FUNCTION_EXISTS=sgemm_ CMakeFiles/cmTC_d469c.dir/CheckFunctionExists.c.o -o cmTC_d469c 
/usr/bin/ld: CMakeFiles/cmTC_d469c.dir/CheckFunctionExists.c.o: in function `main':
CheckFunctionExists.c:(.text+0x14): undefined reference to `sgemm_'
collect2: error: ld returned 1 exit status
gmake[1]: *** [CMakeFiles/cmTC_d469c.dir/build.make:99: cmTC_d469c] Error 1
gmake[1]: Leaving directory '/home/adam/OpenCCO/build/CMakeFiles/CMakeTmp'
gmake: *** [Makefile:127: cmTC_d469c/fast] Error 2



Determining if the function cheev_ exists failed with the following output:
Change Dir: /home/adam/OpenCCO/build/CMakeFiles/CMakeTmp

Run Build Command(s):/usr/bin/gmake -f Makefile cmTC_2e4c8/fast && /usr/bin/gmake  -f CMakeFiles/cmTC_2e4c8.dir/build.make CMakeFiles/cmTC_2e4c8.dir/build
gmake[1]: Entering directory '/home/adam/OpenCCO/build/CMakeFiles/CMakeTmp'
Building C object CMakeFiles/cmTC_2e4c8.dir/CheckFunctionExists.c.o
/usr/bin/cc   -DCHECK_FUNCTION_EXISTS=cheev_ -o CMakeFiles/cmTC_2e4c8.dir/CheckFunctionExists.c.o -c /usr/share/cmake-3.22/Modules/CheckFunctionExists.c
Linking C executable cmTC_2e4c8
/usr/bin/cmake -E cmake_link_script CMakeFiles/cmTC_2e4c8.dir/link.txt --verbose=1
/usr/bin/cc  -DCHECK_FUNCTION_EXISTS=cheev_ CMakeFiles/cmTC_2e4c8.dir/CheckFunctionExists.c.o -o cmTC_2e4c8  /usr/lib/x86_64-linux-gnu/libblas.so -lm -ldl 
/usr/bin/ld: CMakeFiles/cmTC_2e4c8.dir/CheckFunctionExists.c.o: in function `main':
CheckFunctionExists.c:(.text+0x14): undefined reference to `cheev_'
collect2: error: ld returned 1 exit status
gmake[1]: *** [CMakeFiles/cmTC_2e4c8.dir/build.make:100: cmTC_2e4c8] Error 1
gmake[1]: Leaving directory '/home/adam/OpenCCO/build/CMakeFiles/CMakeTmp'
gmake: *** [Makefile:127: cmTC_2e4c8/fast] Error 2



Determining if the function cheev_ exists failed with the following output:
Change Dir: /home/adam/OpenCCO/build/CMakeFiles/CMakeTmp

Run Build Command(s):/usr/bin/gmake -f Makefile cmTC_a7d69/fast && /usr/bin/gmake  -f CMakeFiles/cmTC_a7d69.dir/build.make CMakeFiles/cmTC_a7d69.dir/build
gmake[1]: Entering directory '/home/adam/OpenCCO/build/CMakeFiles/CMakeTmp'
Building C object CMakeFiles/cmTC_a7d69.dir/CheckFunctionExists.c.o
/usr/bin/cc   -DCHECK_FUNCTION_EXISTS=cheev_ -o CMakeFiles/cmTC_a7d69.dir/CheckFunctionExists.c.o -c /usr/share/cmake-3.22/Modules/CheckFunctionExists.c
Linking C executable cmTC_a7d69
/usr/bin/cmake -E cmake_link_script CMakeFiles/cmTC_a7d69.dir/link.txt --verbose=1
/usr/bin/cc  -DCHECK_FUNCTION_EXISTS=cheev_ CMakeFiles/cmTC_a7d69.dir/CheckFunctionExists.c.o -o cmTC_a7d69  /usr/lib/x86_64-linux-gnu/liblapack.so /usr/lib/x86_64-linux-gnu/libblas.so -fortranlibs 
cc: error: unrecognized command-line option ‘-fortranlibs’
gmake[1]: *** [CMakeFiles/cmTC_a7d69.dir/build.make:101: cmTC_a7d69] Error 1
gmake[1]: Leaving directory '/home/adam/OpenCCO/build/CMakeFiles/CMakeTmp'
gmake: *** [Makefile:127: cmTC_a7d69/fast] Error 2



